\BOOKMARK [1][-]{section.1}{序言}{}% 1
\BOOKMARK [1][-]{section.2}{词法分析}{}% 2
\BOOKMARK [2][-]{subsection.2.1}{简介}{section.2}% 3
\BOOKMARK [2][-]{subsection.2.2}{实现细节}{section.2}% 4
\BOOKMARK [3][-]{subsubsection.2.2.1}{C语言关键字\(keyword\)}{subsection.2.2}% 5
\BOOKMARK [3][-]{subsubsection.2.2.2}{C语言其他符号}{subsection.2.2}% 6
\BOOKMARK [2][-]{subsection.2.3}{测试结果}{section.2}% 7
\BOOKMARK [1][-]{section.3}{语法分析}{}% 8
\BOOKMARK [2][-]{subsection.3.1}{简介}{section.3}% 9
\BOOKMARK [2][-]{subsection.3.2}{实现细节}{section.3}% 10
\BOOKMARK [2][-]{subsection.3.3}{测试结果}{section.3}% 11
\BOOKMARK [1][-]{section.4}{语义分析}{}% 12
\BOOKMARK [2][-]{subsection.4.1}{简介}{section.4}% 13
\BOOKMARK [2][-]{subsection.4.2}{基本方法}{section.4}% 14
\BOOKMARK [2][-]{subsection.4.3}{实现细节}{section.4}% 15
\BOOKMARK [2][-]{subsection.4.4}{测试结果}{section.4}% 16
\BOOKMARK [1][-]{section.5}{符号表设计}{}% 17
\BOOKMARK [2][-]{subsection.5.1}{简介}{section.5}% 18
\BOOKMARK [2][-]{subsection.5.2}{实现细节}{section.5}% 19
\BOOKMARK [1][-]{section.6}{代码生成}{}% 20
\BOOKMARK [2][-]{subsection.6.1}{中间代码生成}{section.6}% 21
\BOOKMARK [3][-]{subsubsection.6.1.1}{四元式}{subsection.6.1}% 22
\BOOKMARK [3][-]{subsubsection.6.1.2}{函数调用}{subsection.6.1}% 23
\BOOKMARK [3][-]{subsubsection.6.1.3}{变量定义\(符号表\)}{subsection.6.1}% 24
\BOOKMARK [2][-]{subsection.6.2}{目标代码生成}{section.6}% 25
\BOOKMARK [3][-]{subsubsection.6.2.1}{代码头}{subsection.6.2}% 26
\BOOKMARK [3][-]{subsubsection.6.2.2}{数据段}{subsection.6.2}% 27
\BOOKMARK [3][-]{subsubsection.6.2.3}{代码段}{subsection.6.2}% 28
\BOOKMARK [1][-]{section.7}{优化考虑}{}% 29
\BOOKMARK [2][-]{subsection.7.1}{中间代码优化}{section.7}% 30
\BOOKMARK [3][-]{subsubsection.7.1.1}{常数折叠}{subsection.7.1}% 31
\BOOKMARK [3][-]{subsubsection.7.1.2}{堆栈使用优化}{subsection.7.1}% 32
\BOOKMARK [2][-]{subsection.7.2}{汇编代码优化}{section.7}% 33
\BOOKMARK [3][-]{subsubsection.7.2.1}{"脏"寄存器赋值}{subsection.7.2}% 34
\BOOKMARK [3][-]{subsubsection.7.2.2}{寄存器作为源\(src\)}{subsection.7.2}% 35
\BOOKMARK [3][-]{subsubsection.7.2.3}{省略部分写入内存}{subsection.7.2}% 36
\BOOKMARK [1][-]{section.8}{测试案例}{}% 37
\BOOKMARK [1][-]{section.9}{其他设计}{}% 38
\BOOKMARK [2][-]{subsection.9.1}{语法树可视化}{section.9}% 39
\BOOKMARK [3][-]{subsubsection.9.1.1}{树形数据结构的构建}{subsection.9.1}% 40
\BOOKMARK [3][-]{subsubsection.9.1.2}{采用graphviz中的Digraph可视化树}{subsection.9.1}% 41
\BOOKMARK [3][-]{subsubsection.9.1.3}{例子和结果}{subsection.9.1}% 42
\BOOKMARK [2][-]{subsection.9.2}{错误处理}{section.9}% 43
\BOOKMARK [3][-]{subsubsection.9.2.1}{语法错误的处理}{subsection.9.2}% 44
\BOOKMARK [3][-]{subsubsection.9.2.2}{语义错误的处理}{subsection.9.2}% 45
\BOOKMARK [3][-]{subsubsection.9.2.3}{语法错误测试结果}{subsection.9.2}% 46
\BOOKMARK [3][-]{subsubsection.9.2.4}{语义错误测试}{subsection.9.2}% 47
